<?xml version="1.0" encoding="UTF-8"?>
<!-- Generated by org.testng.reporters.JUnitXMLReporter -->
<testsuite ignored="0" hostname="DESKTOP-DR6PG1E" failures="1" tests="3" name="Error Validation Tests" time="24.635" errors="0" timestamp="2023-03-17T18:19:59 IST">
  <testcase classname="tests.ErrorValidationsTest" name="LoginError" time="0.724">
    <skipped/>
  </testcase> <!-- LoginError -->
  <testcase classname="tests.ErrorValidationsTest" name="LoginError" time="0.711">
    <failure type="java.lang.AssertionError" message="expected [Incorrect email or password.] but found [Incorrect email  password.]">
      <![CDATA[java.lang.AssertionError: expected [Incorrect email or password.] but found [Incorrect email  password.]
at tests.ErrorValidationsTest.LoginError(ErrorValidationsTest.java:35)
at java.base/java.util.ArrayList.forEach(ArrayList.java:1511)
... Removed 33 stack frames]]>
    </failure>
  </testcase> <!-- LoginError -->
  <testcase classname="tests.ErrorValidationsTest" name="ProductsError" time="1.447"/>
</testsuite> <!-- Error Validation Tests -->
