<?xml version="1.0" encoding="UTF-8"?>
<!-- Generated by org.testng.reporters.JUnitXMLReporter -->
<testsuite ignored="2" hostname="DESKTOP-DR6PG1E" failures="0" tests="0" time="0.01" errors="0" timestamp="2023-03-17T18:19:34 IST">
  <testcase classname="tests.SubmitOrder" name="submitOrder" time="0.0">
    <ignored/>
  </testcase> <!-- submitOrder -->
  <testcase classname="tests.SubmitOrder" name="OrdersPageTest" time="0.0">
    <ignored/>
  </testcase> <!-- OrdersPageTest -->
</testsuite>
