<?xml version="1.0" encoding="UTF-8"?>
<testng-results ignored="0" total="1" passed="1" failed="0" skipped="0">
  <reporter-output>
  </reporter-output>
  <suite started-at="2023-01-12T14:33:03 IST" name="Default suite" finished-at="2023-01-12T14:33:03 IST" duration-ms="126">
    <groups>
    </groups>
    <test started-at="2023-01-12T14:33:03 IST" name="Default test" finished-at="2023-01-12T14:33:03 IST" duration-ms="126">
      <class name="Selenium.FrameworkDesign.App">
        <test-method signature="test()[pri:0, instance:Selenium.FrameworkDesign.App@29626d54]" started-at="2023-01-12T14:33:03 IST" name="test" finished-at="2023-01-12T14:33:03 IST" duration-ms="18" status="PASS">
          <reporter-output>
          </reporter-output>
        </test-method> <!-- test -->
      </class> <!-- Selenium.FrameworkDesign.App -->
    </test> <!-- Default test -->
  </suite> <!-- Default suite -->
</testng-results>
